<?xml version="1.0" encoding="UTF-8"?>
<!-- Generated by org.testng.reporters.JUnitReportReporter -->
<testsuite hostname="Rajit_4966" failures="0" tests="1" name="TestCases.TC001_AccountRegistrationTest" time="4.629" errors="0" timestamp="2025-03-15T10:45:35 IST" skipped="0">
  <testcase classname="TestCases.TC001_AccountRegistrationTest" name="verify_account_registration" time="4.629"/>
</testsuite> <!-- TestCases.TC001_AccountRegistrationTest -->
