<?xml version="1.0" encoding="UTF-8"?>
<!-- Generated by org.testng.reporters.JUnitReportReporter -->
<testsuite hostname="Rajit_4966" failures="0" tests="1" name="TestCases.TC002_LoginTest" time="5.439" errors="0" timestamp="2025-03-15T10:45:35 IST" skipped="0">
  <testcase classname="TestCases.TC002_LoginTest" name="verify_account_Login" time="5.439"/>
</testsuite> <!-- TestCases.TC002_LoginTest -->
